<?xml version="1.0" encoding="UTF-8"?>
<testsuite name="SampleTest" tests="2" skipped="0" failures="0" errors="0" timestamp="2024-11-18T04:24:55" hostname="MSI" time="15.728">
  <properties/>
  <testcase name="testUserInputChangesTextInNewActivity()" classname="SampleTest" time="8.885"/>
  <testcase name="testEmptyOrSpaceInputDoesNotChangeOutput()" classname="SampleTest" time="6.842"/>
  <system-out><![CDATA[]]></system-out>
  <system-err><![CDATA[нояб. 18, 2024 7:25:00 AM io.appium.java_client.remote.AppiumCommandExecutor$1 lambda$0
INFO: Detected dialect: W3C
нояб. 18, 2024 7:25:08 AM io.appium.java_client.remote.AppiumCommandExecutor$1 lambda$0
INFO: Detected dialect: W3C
]]></system-err>
</testsuite>
